修订记录：
[2015-1-13] 
【1】/zentao/module/user/view/login.html.php 
     注释 line：72~76    解决登录界面出现“禅道广告”；


[2015-1-14]
【1】/zentao/module/common/model.php
     注释 line：297  去掉页面右上方“关于”

[2015-1-15]
【1】/zentao/module/story/lang/zh-cn.php
     line：52、53改为“预计周期”；

     /zentao/module/story/lang/zh-tw.php
     line：52、53改为“預計週期”

【2】/zentao/module/product/lang/zh-cn.php
     line：93 改為“本页共 <strong>%s</strong> 个需求，预计周期 <strong>%s</strong> 个小时，用例覆盖率<strong>%s</strong>。”

     /zentao/module/product/lang/zh-cn.php
     line：93 改為“本頁共 <strong>%s</strong> 個需求，預計週期 <strong>%s</strong> 個小時，用例覆蓋率<strong>%s</strong>。”
【3】/zentao/module/common/lang/zh-cn.php
     line：223 改為“$lang->bug->menu->testtask = array('link' => '版本&执行|testtask|browse|productID=%s');”
     line：235 改為“$lang->testcase->menu->testtask = array('link' => '版本&执行|testtask|browse|productID=%s', 'alias' => 'view,create,edit,linkcase,cases,start,close,batchrun,groupcase');”

     zh-tw.php同理

[2015-1-16]
【1】/zentao/module/todo/model.php
     新增 line：41~45

     /zentao/module/todo/js/common.js
     新增 line：45~64 对新增键值动作控制

     /zentao/module/todo/lang/zh-cn.php
     /zentao/module/todo/lang/zh-tw.php
     /zentao/module/todo/lang/en.php
     line 62~67：将自定义键值写入默认中

[2015-1-19]
【1】配置Xdebug用于zend studio调试（前提是将xdebug库文件php_xdebug_xxxx.dll放在php安装目录的ext文件夹下）
     /php/php.ini
     /runner/res/php/php.ini
     /php/php.raw.ini
     三个文件中末尾均新增以下行

     [XDebug]  
     ;调试功能模块儿  
     zend_extension ="f:/xampp/php/ext/php_xdebug.dll"  
     xdebug.remote_handler=dbgp  
     ;开启远程调试  
     xdebug.remote_enable = On  
     ;远程主机  
     xdebug.remote_host=localhost  
     ;主机端口  
     xdebug.remote_port=9000  
     ;开启自动跟踪  
     xdebug.auto_trace = On  
     ;开启异常跟踪  
     xdebug.show_exception_trace = On  
     ;开启远程调试自动启动  
     xdebug.remote_autostart = Off  
     ;收集变量   
     xdebug.collect_vars = On  
     ;收集返回值   
     xdebug.collect_return = On  
     ;收集参数   
     xdebug.collect_params = On  
     ;临时跟踪信息输出  
     xdebug.trace_output_dir="f:\xampp\php\temp\"  
     ;显示局部变量  
     xdebug.show_local_vars = On  
     xdebug.profiler_enable = On  
     xdebug.profiler_output_dir ="f:\xampp\php\temp\"  
     xdebug.trace_enable_trigger =On  

【2】配置firephp库文件用于Firefox调用firephp调试（前提是将firephp库文件FirePHPCore整个目录放在服务器中）
     /php/php.ini
     /runner/res/php/php.ini
     /php/php.raw.ini
     中“auto_prepend_file = ”修订变量为 auto_prepend_file = "f:\xampp\FirePHPCore\fb.php"
